# JRE version: Java(TM) SE Runtime Environment (11.0.6+8) (build 11.0.6+8-LTS)
# Java VM: Java HotSpot(TM) 64-Bit Server VM (11.0.6+8-LTS, mixed mode, tiered, compressed oops, g1 gc, windows-amd64)
Heap:
 garbage-first heap   total 98304K, used 8889K [0x00000000a1000000, 0x0000000100000000)
  region size 1024K, 5 young (5120K), 5 survivors (5120K)
 Metaspace       used 30314K, capacity 30947K, committed 30976K, reserved 1085440K
  class space    used 3814K, capacity 4067K, committed 4096K, reserved 1048576K
GC Heap History (6 events):
Event: 1.555 GC heap before
{Heap before GC invocations=0 (full 0):
 garbage-first heap   total 98304K, used 24576K [0x00000000a1000000, 0x0000000100000000)
  region size 1024K, 24 young (24576K), 0 survivors (0K)
 Metaspace       used 10917K, capacity 11359K, committed 11520K, reserved 1058816K
  class space    used 1127K, capacity 1262K, committed 1280K, reserved 1048576K
}
Event: 1.560 GC heap after
{Heap after GC invocations=1 (full 0):
 garbage-first heap   total 98304K, used 4096K [0x00000000a1000000, 0x0000000100000000)
  region size 1024K, 3 young (3072K), 3 survivors (3072K)
 Metaspace       used 10917K, capacity 11359K, committed 11520K, reserved 1058816K
  class space    used 1127K, capacity 1262K, committed 1280K, reserved 1048576K
}
Event: 4.260 GC heap before
{Heap before GC invocations=1 (full 0):
 garbage-first heap   total 98304K, used 58368K [0x00000000a1000000, 0x0000000100000000)
  region size 1024K, 57 young (58368K), 3 survivors (3072K)
 Metaspace       used 18587K, capacity 19143K, committed 19456K, reserved 1067008K
  class space    used 2277K, capacity 2500K, committed 2560K, reserved 1048576K
}
Event: 4.267 GC heap after
{Heap after GC invocations=2 (full 0):
 garbage-first heap   total 98304K, used 6034K [0x00000000a1000000, 0x0000000100000000)
  region size 1024K, 5 young (5120K), 5 survivors (5120K)
 Metaspace       used 18587K, capacity 19143K, committed 19456K, reserved 1067008K
  class space    used 2277K, capacity 2500K, committed 2560K, reserved 1048576K
}
Event: 4.722 GC heap before
{Heap before GC invocations=2 (full 0):
 garbage-first heap   total 98304K, used 13202K [0x00000000a1000000, 0x0000000100000000)
  region size 1024K, 13 young (13312K), 5 survivors (5120K)
 Metaspace       used 20584K, capacity 21123K, committed 21248K, reserved 1067008K
  class space    used 2513K, capacity 2737K, committed 2816K, reserved 1048576K
}
Event: 4.729 GC heap after
{Heap after GC invocations=3 (full 0):
 garbage-first heap   total 98304K, used 6757K [0x00000000a1000000, 0x0000000100000000)
  region size 1024K, 3 young (3072K), 3 survivors (3072K)
 Metaspace       used 20584K, capacity 21123K, committed 21248K, reserved 1067008K
  class space    used 2513K, capacity 2737K, committed 2816K, reserved 1048576K
}

